{"C:\\Users\\Laboratoria\\Desktop\\repo-social\\LIM008-social-network\\src\\controller\\controller-firebase.js": {"path":"C:\\Users\\Laboratoria\\Desktop\\repo-social\\LIM008-social-network\\src\\controller\\controller-firebase.js","statementMap":{"0":{"start":{"line":3,"column":25},"end":{"line":5,"column":1}},"1":{"start":{"line":4,"column":0},"end":{"line":4,"column":70}},"2":{"start":{"line":7,"column":23},"end":{"line":9,"column":1}},"3":{"start":{"line":8,"column":2},"end":{"line":8,"column":68}},"4":{"start":{"line":11,"column":26},"end":{"line":36,"column":1}},"5":{"start":{"line":12,"column":3},"end":{"line":35,"column":7}},"6":{"start":{"line":13,"column":6},"end":{"line":34,"column":7}},"7":{"start":{"line":14,"column":10},"end":{"line":14,"column":47}},"8":{"start":{"line":15,"column":10},"end":{"line":15,"column":25}},"9":{"start":{"line":17,"column":28},"end":{"line":17,"column":44}},"10":{"start":{"line":18,"column":22},"end":{"line":18,"column":32}},"11":{"start":{"line":20,"column":8},"end":{"line":20,"column":34}},"12":{"start":{"line":21,"column":8},"end":{"line":21,"column":39}},"13":{"start":{"line":22,"column":8},"end":{"line":22,"column":34}},"14":{"start":{"line":24,"column":30},"end":{"line":24,"column":48}},"15":{"start":{"line":25,"column":25},"end":{"line":25,"column":38}},"16":{"start":{"line":26,"column":28},"end":{"line":26,"column":44}},"17":{"start":{"line":27,"column":20},"end":{"line":27,"column":28}},"18":{"start":{"line":28,"column":29},"end":{"line":28,"column":46}},"19":{"start":{"line":32,"column":8},"end":{"line":32,"column":48}},"20":{"start":{"line":38,"column":24},"end":{"line":44,"column":1}},"21":{"start":{"line":39,"column":16},"end":{"line":39,"column":20}},"22":{"start":{"line":40,"column":20},"end":{"line":40,"column":56}},"23":{"start":{"line":41,"column":2},"end":{"line":43,"column":3}},"24":{"start":{"line":42,"column":6},"end":{"line":42,"column":18}},"25":{"start":{"line":46,"column":25},"end":{"line":58,"column":1}},"26":{"start":{"line":47,"column":13},"end":{"line":47,"column":40}},"27":{"start":{"line":49,"column":2},"end":{"line":57,"column":3}},"28":{"start":{"line":50,"column":2},"end":{"line":56,"column":5}},"29":{"start":{"line":52,"column":2},"end":{"line":52,"column":45}},"30":{"start":{"line":55,"column":0},"end":{"line":55,"column":19}},"31":{"start":{"line":59,"column":27},"end":{"line":80,"column":1}},"32":{"start":{"line":60,"column":19},"end":{"line":60,"column":57}},"33":{"start":{"line":62,"column":2},"end":{"line":79,"column":5}},"34":{"start":{"line":64,"column":18},"end":{"line":64,"column":47}},"35":{"start":{"line":66,"column":17},"end":{"line":66,"column":28}},"36":{"start":{"line":67,"column":4},"end":{"line":67,"column":22}},"37":{"start":{"line":72,"column":22},"end":{"line":72,"column":32}},"38":{"start":{"line":73,"column":25},"end":{"line":73,"column":38}},"39":{"start":{"line":75,"column":18},"end":{"line":75,"column":29}},"40":{"start":{"line":77,"column":23},"end":{"line":77,"column":39}},"41":{"start":{"line":82,"column":29},"end":{"line":104,"column":1}},"42":{"start":{"line":83,"column":19},"end":{"line":83,"column":59}},"43":{"start":{"line":84,"column":2},"end":{"line":84,"column":37}},"44":{"start":{"line":85,"column":2},"end":{"line":103,"column":5}},"45":{"start":{"line":87,"column":17},"end":{"line":87,"column":46}},"46":{"start":{"line":89,"column":17},"end":{"line":89,"column":28}},"47":{"start":{"line":90,"column":4},"end":{"line":90,"column":22}},"48":{"start":{"line":94,"column":4},"end":{"line":94,"column":23}},"49":{"start":{"line":96,"column":22},"end":{"line":96,"column":32}},"50":{"start":{"line":97,"column":25},"end":{"line":97,"column":38}},"51":{"start":{"line":99,"column":18},"end":{"line":99,"column":29}},"52":{"start":{"line":101,"column":23},"end":{"line":101,"column":39}},"53":{"start":{"line":106,"column":24},"end":{"line":115,"column":1}},"54":{"start":{"line":107,"column":2},"end":{"line":114,"column":7}},"55":{"start":{"line":109,"column":19},"end":{"line":109,"column":21}},"56":{"start":{"line":110,"column":6},"end":{"line":112,"column":9}},"57":{"start":{"line":111,"column":8},"end":{"line":111,"column":48}},"58":{"start":{"line":113,"column":6},"end":{"line":113,"column":21}},"59":{"start":{"line":117,"column":23},"end":{"line":123,"column":3}},"60":{"start":{"line":118,"column":4},"end":{"line":122,"column":6}},"61":{"start":{"line":125,"column":33},"end":{"line":127,"column":1}},"62":{"start":{"line":126,"column":2},"end":{"line":126,"column":69}},"63":{"start":{"line":129,"column":22},"end":{"line":130,"column":28}},"64":{"start":{"line":130,"column":3},"end":{"line":130,"column":28}},"65":{"start":{"line":132,"column":27},"end":{"line":155,"column":1}},"66":{"start":{"line":133,"column":2},"end":{"line":133,"column":65}},"67":{"start":{"line":134,"column":17},"end":{"line":134,"column":69}},"68":{"start":{"line":135,"column":21},"end":{"line":135,"column":66}},"69":{"start":{"line":136,"column":2},"end":{"line":136,"column":34}},"70":{"start":{"line":138,"column":3},"end":{"line":154,"column":6}},"71":{"start":{"line":139,"column":30},"end":{"line":139,"column":85}},"72":{"start":{"line":140,"column":24},"end":{"line":140,"column":75}},"73":{"start":{"line":141,"column":8},"end":{"line":141,"column":29}},"74":{"start":{"line":143,"column":8},"end":{"line":153,"column":11}},"75":{"start":{"line":148,"column":11},"end":{"line":148,"column":57}},"76":{"start":{"line":152,"column":11},"end":{"line":152,"column":61}},"77":{"start":{"line":157,"column":29},"end":{"line":172,"column":1}},"78":{"start":{"line":158,"column":20},"end":{"line":158,"column":40}},"79":{"start":{"line":159,"column":24},"end":{"line":159,"column":75}},"80":{"start":{"line":160,"column":2},"end":{"line":160,"column":71}},"81":{"start":{"line":161,"column":2},"end":{"line":170,"column":6}},"82":{"start":{"line":165,"column":6},"end":{"line":165,"column":52}},"83":{"start":{"line":169,"column":6},"end":{"line":169,"column":56}}},"fnMap":{"0":{"name":"(anonymous_0)","decl":{"start":{"line":3,"column":25},"end":{"line":3,"column":26}},"loc":{"start":{"line":3,"column":46},"end":{"line":5,"column":1}},"line":3},"1":{"name":"(anonymous_1)","decl":{"start":{"line":7,"column":23},"end":{"line":7,"column":24}},"loc":{"start":{"line":7,"column":44},"end":{"line":9,"column":1}},"line":7},"2":{"name":"(anonymous_2)","decl":{"start":{"line":11,"column":26},"end":{"line":11,"column":27}},"loc":{"start":{"line":11,"column":36},"end":{"line":36,"column":1}},"line":11},"3":{"name":"(anonymous_3)","decl":{"start":{"line":12,"column":45},"end":{"line":12,"column":46}},"loc":{"start":{"line":12,"column":55},"end":{"line":35,"column":5}},"line":12},"4":{"name":"(anonymous_4)","decl":{"start":{"line":38,"column":24},"end":{"line":38,"column":25}},"loc":{"start":{"line":38,"column":34},"end":{"line":44,"column":1}},"line":38},"5":{"name":"(anonymous_5)","decl":{"start":{"line":46,"column":25},"end":{"line":46,"column":26}},"loc":{"start":{"line":46,"column":31},"end":{"line":58,"column":1}},"line":46},"6":{"name":"(anonymous_6)","decl":{"start":{"line":50,"column":36},"end":{"line":50,"column":37}},"loc":{"start":{"line":50,"column":42},"end":{"line":53,"column":3}},"line":50},"7":{"name":"(anonymous_7)","decl":{"start":{"line":53,"column":11},"end":{"line":53,"column":12}},"loc":{"start":{"line":53,"column":22},"end":{"line":56,"column":3}},"line":53},"8":{"name":"(anonymous_8)","decl":{"start":{"line":59,"column":27},"end":{"line":59,"column":28}},"loc":{"start":{"line":59,"column":33},"end":{"line":80,"column":1}},"line":59},"9":{"name":"(anonymous_9)","decl":{"start":{"line":62,"column":56},"end":{"line":62,"column":57}},"loc":{"start":{"line":62,"column":73},"end":{"line":69,"column":3}},"line":62},"10":{"name":"(anonymous_10)","decl":{"start":{"line":69,"column":11},"end":{"line":69,"column":12}},"loc":{"start":{"line":69,"column":27},"end":{"line":79,"column":3}},"line":69},"11":{"name":"(anonymous_11)","decl":{"start":{"line":82,"column":29},"end":{"line":82,"column":30}},"loc":{"start":{"line":82,"column":35},"end":{"line":104,"column":1}},"line":82},"12":{"name":"(anonymous_12)","decl":{"start":{"line":85,"column":56},"end":{"line":85,"column":57}},"loc":{"start":{"line":85,"column":73},"end":{"line":93,"column":3}},"line":85},"13":{"name":"(anonymous_13)","decl":{"start":{"line":93,"column":11},"end":{"line":93,"column":12}},"loc":{"start":{"line":93,"column":27},"end":{"line":103,"column":3}},"line":93},"14":{"name":"(anonymous_14)","decl":{"start":{"line":106,"column":24},"end":{"line":106,"column":25}},"loc":{"start":{"line":106,"column":37},"end":{"line":115,"column":1}},"line":106},"15":{"name":"(anonymous_15)","decl":{"start":{"line":108,"column":16},"end":{"line":108,"column":17}},"loc":{"start":{"line":108,"column":35},"end":{"line":114,"column":5}},"line":108},"16":{"name":"(anonymous_16)","decl":{"start":{"line":110,"column":28},"end":{"line":110,"column":29}},"loc":{"start":{"line":110,"column":37},"end":{"line":112,"column":7}},"line":110},"17":{"name":"(anonymous_17)","decl":{"start":{"line":117,"column":23},"end":{"line":117,"column":24}},"loc":{"start":{"line":117,"column":40},"end":{"line":123,"column":3}},"line":117},"18":{"name":"(anonymous_18)","decl":{"start":{"line":125,"column":33},"end":{"line":125,"column":34}},"loc":{"start":{"line":125,"column":45},"end":{"line":127,"column":1}},"line":125},"19":{"name":"(anonymous_19)","decl":{"start":{"line":129,"column":22},"end":{"line":129,"column":23}},"loc":{"start":{"line":130,"column":3},"end":{"line":130,"column":28}},"line":130},"20":{"name":"(anonymous_20)","decl":{"start":{"line":132,"column":27},"end":{"line":132,"column":28}},"loc":{"start":{"line":132,"column":39},"end":{"line":155,"column":1}},"line":132},"21":{"name":"(anonymous_21)","decl":{"start":{"line":138,"column":36},"end":{"line":138,"column":37}},"loc":{"start":{"line":138,"column":42},"end":{"line":154,"column":4}},"line":138},"22":{"name":"(anonymous_22)","decl":{"start":{"line":146,"column":14},"end":{"line":146,"column":15}},"loc":{"start":{"line":146,"column":25},"end":{"line":149,"column":10}},"line":146},"23":{"name":"(anonymous_23)","decl":{"start":{"line":150,"column":15},"end":{"line":150,"column":16}},"loc":{"start":{"line":150,"column":31},"end":{"line":153,"column":9}},"line":150},"24":{"name":"(anonymous_24)","decl":{"start":{"line":157,"column":29},"end":{"line":157,"column":30}},"loc":{"start":{"line":157,"column":50},"end":{"line":172,"column":1}},"line":157},"25":{"name":"(anonymous_25)","decl":{"start":{"line":164,"column":9},"end":{"line":164,"column":10}},"loc":{"start":{"line":164,"column":20},"end":{"line":166,"column":5}},"line":164},"26":{"name":"(anonymous_26)","decl":{"start":{"line":167,"column":10},"end":{"line":167,"column":11}},"loc":{"start":{"line":167,"column":26},"end":{"line":170,"column":4}},"line":167}},"branchMap":{"0":{"loc":{"start":{"line":13,"column":6},"end":{"line":34,"column":7}},"type":"if","locations":[{"start":{"line":13,"column":6},"end":{"line":34,"column":7}},{"start":{"line":13,"column":6},"end":{"line":34,"column":7}}],"line":13},"1":{"loc":{"start":{"line":41,"column":2},"end":{"line":43,"column":3}},"type":"if","locations":[{"start":{"line":41,"column":2},"end":{"line":43,"column":3}},{"start":{"line":41,"column":2},"end":{"line":43,"column":3}}],"line":41},"2":{"loc":{"start":{"line":49,"column":2},"end":{"line":57,"column":3}},"type":"if","locations":[{"start":{"line":49,"column":2},"end":{"line":57,"column":3}},{"start":{"line":49,"column":2},"end":{"line":57,"column":3}}],"line":49}},"s":{"0":2,"1":1,"2":2,"3":0,"4":2,"5":0,"6":0,"7":0,"8":0,"9":0,"10":0,"11":0,"12":0,"13":0,"14":0,"15":0,"16":0,"17":0,"18":0,"19":0,"20":2,"21":0,"22":0,"23":0,"24":0,"25":2,"26":0,"27":0,"28":0,"29":0,"30":0,"31":2,"32":0,"33":0,"34":0,"35":0,"36":0,"37":0,"38":0,"39":0,"40":0,"41":2,"42":0,"43":0,"44":0,"45":0,"46":0,"47":0,"48":0,"49":0,"50":0,"51":0,"52":0,"53":2,"54":2,"55":2,"56":2,"57":3,"58":2,"59":2,"60":1,"61":2,"62":1,"63":2,"64":0,"65":2,"66":0,"67":0,"68":0,"69":0,"70":0,"71":0,"72":0,"73":0,"74":0,"75":0,"76":0,"77":2,"78":0,"79":0,"80":0,"81":0,"82":0,"83":0},"f":{"0":1,"1":0,"2":0,"3":0,"4":0,"5":0,"6":0,"7":0,"8":0,"9":0,"10":0,"11":0,"12":0,"13":0,"14":2,"15":2,"16":3,"17":1,"18":1,"19":0,"20":0,"21":0,"22":0,"23":0,"24":0,"25":0,"26":0},"b":{"0":[0,0],"1":[0,0],"2":[0,0]},"_coverageSchema":"332fd63041d2c1bcb487cc26dd0d5f7d97098a6c","hash":"bcc2701f811e3662f42dad05e5e8504e40b9f385"}
}
